<?xml version="1.0" encoding="UTF-8"?>
<coverage generated="1780940200159" clover="3.2.0">
  <project timestamp="1780940200159" name="All files">
    <metrics statements="76" coveredstatements="50" conditionals="88" coveredconditionals="66" methods="39" coveredmethods="20" elements="203" coveredelements="136" complexity="0" loc="76" ncloc="76" packages="4" files="7" classes="7"/>
    <package name="components">
      <metrics statements="13" coveredstatements="12" conditionals="14" coveredconditionals="14" methods="8" coveredmethods="7"/>
      <file name="ErrorBoundary.jsx" path="D:\University of Moratuwa\Final Year\Semester\SmartStayX\client\src\components\ErrorBoundary.jsx">
        <metrics statements="8" coveredstatements="7" conditionals="2" coveredconditionals="2" methods="5" coveredmethods="4"/>
        <line num="5" count="6" type="stmt"/>
        <line num="6" count="6" type="stmt"/>
        <line num="10" count="4" type="stmt"/>
        <line num="14" count="2" type="stmt"/>
        <line num="18" count="9" type="cond" truecount="2" falsecount="0"/>
        <line num="19" count="4" type="stmt"/>
        <line num="30" count="0" type="stmt"/>
        <line num="39" count="5" type="stmt"/>
      </file>
      <file name="StarRating.jsx" path="D:\University of Moratuwa\Final Year\Semester\SmartStayX\client\src\components\StarRating.jsx">
        <metrics statements="3" coveredstatements="3" conditionals="3" coveredconditionals="3" methods="2" coveredmethods="2"/>
        <line num="4" count="1" type="cond" truecount="1" falsecount="0"/>
        <line num="5" count="5" type="stmt"/>
        <line num="10" count="25" type="stmt"/>
      </file>
      <file name="Title.jsx" path="D:\University of Moratuwa\Final Year\Semester\SmartStayX\client\src\components\Title.jsx">
        <metrics statements="2" coveredstatements="2" conditionals="9" coveredconditionals="9" methods="1" coveredmethods="1"/>
        <line num="3" count="1" type="cond" truecount="1" falsecount="0"/>
        <line num="4" count="6" type="stmt"/>
      </file>
    </package>
    <package name="config">
      <metrics statements="26" coveredstatements="11" conditionals="50" coveredconditionals="39" methods="11" coveredmethods="3"/>
      <file name="ConfigManager.js" path="D:\University of Moratuwa\Final Year\Semester\SmartStayX\client\src\config\ConfigManager.js">
        <metrics statements="26" coveredstatements="11" conditionals="50" coveredconditionals="39" methods="11" coveredmethods="3"/>
        <line num="2" count="1" type="stmt"/>
        <line num="3" count="1" type="stmt"/>
        <line num="4" count="1" type="stmt"/>
        <line num="7" count="1" type="cond" truecount="1" falsecount="1"/>
        <line num="8" count="0" type="stmt"/>
        <line num="10" count="1" type="stmt"/>
        <line num="11" count="1" type="stmt"/>
        <line num="15" count="1" type="cond" truecount="1" falsecount="1"/>
        <line num="16" count="1" type="stmt"/>
        <line num="18" count="1" type="stmt"/>
        <line num="22" count="1" type="stmt"/>
        <line num="62" count="0" type="stmt"/>
        <line num="63" count="0" type="stmt"/>
        <line num="64" count="0" type="stmt"/>
        <line num="65" count="0" type="cond" truecount="0" falsecount="5"/>
        <line num="66" count="0" type="stmt"/>
        <line num="68" count="0" type="stmt"/>
        <line num="71" count="0" type="cond" truecount="0" falsecount="2"/>
        <line num="75" count="0" type="stmt"/>
        <line num="79" count="0" type="stmt"/>
        <line num="83" count="0" type="stmt"/>
        <line num="87" count="0" type="stmt"/>
        <line num="91" count="0" type="stmt"/>
        <line num="95" count="0" type="stmt"/>
        <line num="99" count="0" type="stmt"/>
        <line num="103" count="1" type="stmt"/>
      </file>
    </package>
    <package name="constants">
      <metrics statements="12" coveredstatements="8" conditionals="8" coveredconditionals="0" methods="4" coveredmethods="0"/>
      <file name="bookingStatuses.js" path="D:\University of Moratuwa\Final Year\Semester\SmartStayX\client\src\constants\bookingStatuses.js">
        <metrics statements="6" coveredstatements="6" conditionals="0" coveredconditionals="0" methods="0" coveredmethods="0"/>
        <line num="1" count="1" type="stmt"/>
        <line num="8" count="1" type="stmt"/>
        <line num="13" count="1" type="stmt"/>
        <line num="18" count="1" type="stmt"/>
        <line num="19" count="1" type="stmt"/>
        <line num="20" count="1" type="stmt"/>
      </file>
      <file name="pricingConfig.js" path="D:\University of Moratuwa\Final Year\Semester\SmartStayX\client\src\constants\pricingConfig.js">
        <metrics statements="6" coveredstatements="2" conditionals="8" coveredconditionals="0" methods="4" coveredmethods="0"/>
        <line num="3" count="1" type="stmt"/>
        <line num="5" count="0" type="cond" truecount="0" falsecount="2"/>
        <line num="8" count="0" type="cond" truecount="0" falsecount="2"/>
        <line num="11" count="0" type="cond" truecount="0" falsecount="2"/>
        <line num="14" count="0" type="cond" truecount="0" falsecount="2"/>
        <line num="18" count="1" type="stmt"/>
      </file>
    </package>
    <package name="services">
      <metrics statements="25" coveredstatements="19" conditionals="16" coveredconditionals="13" methods="16" coveredmethods="10"/>
      <file name="BookingService.js" path="D:\University of Moratuwa\Final Year\Semester\SmartStayX\client\src\services\BookingService.js">
        <metrics statements="25" coveredstatements="19" conditionals="16" coveredconditionals="13" methods="16" coveredmethods="10"/>
        <line num="8" count="9" type="cond" truecount="1" falsecount="1"/>
        <line num="12" count="9" type="cond" truecount="1" falsecount="1"/>
        <line num="16" count="9" type="cond" truecount="2" falsecount="0"/>
        <line num="20" count="9" type="stmt"/>
        <line num="21" count="9" type="stmt"/>
        <line num="22" count="9" type="cond" truecount="1" falsecount="1"/>
        <line num="24" count="9" type="cond" truecount="4" falsecount="0"/>
        <line num="25" count="4" type="stmt"/>
        <line num="27" count="5" type="stmt"/>
        <line num="29" count="6" type="stmt"/>
        <line num="31" count="3" type="cond" truecount="2" falsecount="0"/>
        <line num="32" count="3" type="stmt"/>
        <line num="33" count="3" type="stmt"/>
        <line num="38" count="4" type="stmt"/>
        <line num="42" count="1" type="stmt"/>
        <line num="46" count="1" type="stmt"/>
        <line num="50" count="0" type="stmt"/>
        <line num="54" count="1" type="stmt"/>
        <line num="58" count="1" type="stmt"/>
        <line num="62" count="1" type="stmt"/>
        <line num="66" count="0" type="stmt"/>
        <line num="70" count="0" type="stmt"/>
        <line num="74" count="0" type="stmt"/>
        <line num="78" count="0" type="stmt"/>
        <line num="82" count="0" type="stmt"/>
      </file>
    </package>
  </project>
</coverage>
