{"D:\\University of Moratuwa\\Final Year\\Semester\\SmartStayX\\client\\src\\components\\ErrorBoundary.jsx": {"path":"D:\\University of Moratuwa\\Final Year\\Semester\\SmartStayX\\client\\src\\components\\ErrorBoundary.jsx","statementMap":{"0":{"start":{"line":5,"column":4},"end":{"line":5,"column":null}},"1":{"start":{"line":6,"column":4},"end":{"line":6,"column":null}},"2":{"start":{"line":10,"column":4},"end":{"line":10,"column":null}},"3":{"start":{"line":14,"column":4},"end":{"line":14,"column":null}},"4":{"start":{"line":18,"column":4},"end":{"line":38,"column":null}},"5":{"start":{"line":19,"column":6},"end":{"line":36,"column":null}},"6":{"start":{"line":30,"column":29},"end":{"line":30,"column":null}},"7":{"start":{"line":39,"column":4},"end":{"line":39,"column":null}}},"fnMap":{"0":{"name":"constructor","decl":{"start":{"line":4,"column":2},"end":{"line":4,"column":14}},"loc":{"start":{"line":4,"column":21},"end":{"line":7,"column":null}},"line":4},"1":{"name":"getDerivedStateFromError","decl":{"start":{"line":9,"column":9},"end":{"line":9,"column":34}},"loc":{"start":{"line":9,"column":41},"end":{"line":11,"column":null}},"line":9},"2":{"name":"componentDidCatch","decl":{"start":{"line":13,"column":2},"end":{"line":13,"column":20}},"loc":{"start":{"line":13,"column":33},"end":{"line":15,"column":null}},"line":13},"3":{"name":"render","decl":{"start":{"line":17,"column":2},"end":{"line":17,"column":11}},"loc":{"start":{"line":17,"column":11},"end":{"line":40,"column":null}},"line":17},"4":{"name":"(anonymous_4)","decl":{"start":{"line":30,"column":23},"end":{"line":30,"column":29}},"loc":{"start":{"line":30,"column":29},"end":{"line":30,"column":null}},"line":30}},"branchMap":{"0":{"loc":{"start":{"line":18,"column":4},"end":{"line":38,"column":null}},"type":"if","locations":[{"start":{"line":18,"column":4},"end":{"line":38,"column":null}},{"start":{},"end":{}}],"line":18}},"s":{"0":6,"1":6,"2":4,"3":2,"4":9,"5":4,"6":0,"7":5},"f":{"0":6,"1":1,"2":2,"3":9,"4":0},"b":{"0":[4,5]},"meta":{"lastBranch":1,"lastFunction":5,"lastStatement":8,"seen":{"f:4:2:4:14":0,"s:5:4:5:Infinity":0,"s:6:4:6:Infinity":1,"f:9:9:9:34":1,"s:10:4:10:Infinity":2,"f:13:2:13:20":2,"s:14:4:14:Infinity":3,"f:17:2:17:11":3,"b:18:4:38:Infinity:undefined:undefined:undefined:undefined":0,"s:18:4:38:Infinity":4,"s:19:6:36:Infinity":5,"f:30:23:30:29":4,"s:30:29:30:Infinity":6,"s:39:4:39:Infinity":7}}}
,"D:\\University of Moratuwa\\Final Year\\Semester\\SmartStayX\\client\\src\\components\\StarRating.jsx": {"path":"D:\\University of Moratuwa\\Final Year\\Semester\\SmartStayX\\client\\src\\components\\StarRating.jsx","statementMap":{"0":{"start":{"line":4,"column":19},"end":{"line":19,"column":null}},"1":{"start":{"line":5,"column":2},"end":{"line":17,"column":null}},"2":{"start":{"line":10,"column":10},"end":{"line":15,"column":null}}},"fnMap":{"0":{"name":"(anonymous_0)","decl":{"start":{"line":4,"column":19},"end":{"line":4,"column":20}},"loc":{"start":{"line":4,"column":39},"end":{"line":19,"column":null}},"line":4},"1":{"name":"(anonymous_1)","decl":{"start":{"line":9,"column":13},"end":{"line":9,"column":14}},"loc":{"start":{"line":10,"column":10},"end":{"line":15,"column":null}},"line":10}},"branchMap":{"0":{"loc":{"start":{"line":4,"column":22},"end":{"line":4,"column":33}},"type":"default-arg","locations":[{"start":{"line":4,"column":31},"end":{"line":4,"column":33}}],"line":4},"1":{"loc":{"start":{"line":12,"column":17},"end":{"line":12,"column":null}},"type":"cond-expr","locations":[{"start":{"line":12,"column":34},"end":{"line":12,"column":58}},{"start":{"line":12,"column":58},"end":{"line":12,"column":null}}],"line":12}},"s":{"0":1,"1":5,"2":25},"f":{"0":5,"1":25},"b":{"0":[5],"1":[16,9]},"meta":{"lastBranch":2,"lastFunction":2,"lastStatement":3,"seen":{"s:4:19:19:Infinity":0,"f:4:19:4:20":0,"b:4:31:4:33":0,"s:5:2:17:Infinity":1,"f:9:13:9:14":1,"s:10:10:15:Infinity":2,"b:12:34:12:58:12:58:12:Infinity":1}}}
,"D:\\University of Moratuwa\\Final Year\\Semester\\SmartStayX\\client\\src\\components\\Title.jsx": {"path":"D:\\University of Moratuwa\\Final Year\\Semester\\SmartStayX\\client\\src\\components\\Title.jsx","statementMap":{"0":{"start":{"line":3,"column":14},"end":{"line":13,"column":null}},"1":{"start":{"line":4,"column":2},"end":{"line":11,"column":null}}},"fnMap":{"0":{"name":"(anonymous_0)","decl":{"start":{"line":3,"column":14},"end":{"line":3,"column":15}},"loc":{"start":{"line":3,"column":71},"end":{"line":13,"column":null}},"line":3}},"branchMap":{"0":{"loc":{"start":{"line":3,"column":40},"end":{"line":3,"column":58}},"type":"default-arg","locations":[{"start":{"line":3,"column":48},"end":{"line":3,"column":58}}],"line":3},"1":{"loc":{"start":{"line":5,"column":52},"end":{"line":5,"column":123}},"type":"cond-expr","locations":[{"start":{"line":5,"column":71},"end":{"line":5,"column":97}},{"start":{"line":5,"column":97},"end":{"line":5,"column":123}}],"line":5},"2":{"loc":{"start":{"line":6,"column":7},"end":{"line":6,"column":null}},"type":"binary-expr","locations":[{"start":{"line":6,"column":7},"end":{"line":6,"column":17}},{"start":{"line":6,"column":17},"end":{"line":6,"column":null}}],"line":6},"3":{"loc":{"start":{"line":7,"column":24},"end":{"line":7,"column":47}},"type":"binary-expr","locations":[{"start":{"line":7,"column":24},"end":{"line":7,"column":32}},{"start":{"line":7,"column":32},"end":{"line":7,"column":47}}],"line":7},"4":{"loc":{"start":{"line":10,"column":7},"end":{"line":10,"column":null}},"type":"binary-expr","locations":[{"start":{"line":10,"column":7},"end":{"line":10,"column":19}},{"start":{"line":10,"column":19},"end":{"line":10,"column":null}}],"line":10}},"s":{"0":1,"1":6},"f":{"0":6},"b":{"0":[6],"1":[1,5],"2":[6,1],"3":[6,6],"4":[6,1]},"meta":{"lastBranch":5,"lastFunction":1,"lastStatement":2,"seen":{"s:3:14:13:Infinity":0,"f:3:14:3:15":0,"b:3:48:3:58":0,"s:4:2:11:Infinity":1,"b:5:71:5:97:5:97:5:123":1,"b:6:7:6:17:6:17:6:Infinity":2,"b:7:24:7:32:7:32:7:47":3,"b:10:7:10:19:10:19:10:Infinity":4}}}
,"D:\\University of Moratuwa\\Final Year\\Semester\\SmartStayX\\client\\src\\config\\ConfigManager.js": {"path":"D:\\University of Moratuwa\\Final Year\\Semester\\SmartStayX\\client\\src\\config\\ConfigManager.js","statementMap":{"0":{"start":{"line":2,"column":21},"end":{"line":2,"column":25}},"1":{"start":{"line":3,"column":12},"end":{"line":3,"column":14}},"2":{"start":{"line":4,"column":15},"end":{"line":4,"column":17}},"3":{"start":{"line":7,"column":4},"end":{"line":9,"column":5}},"4":{"start":{"line":8,"column":6},"end":{"line":8,"column":37}},"5":{"start":{"line":10,"column":4},"end":{"line":10,"column":35}},"6":{"start":{"line":11,"column":4},"end":{"line":11,"column":23}},"7":{"start":{"line":15,"column":4},"end":{"line":17,"column":5}},"8":{"start":{"line":16,"column":6},"end":{"line":16,"column":52}},"9":{"start":{"line":18,"column":4},"end":{"line":18,"column":35}},"10":{"start":{"line":22,"column":4},"end":{"line":58,"column":6}},"11":{"start":{"line":62,"column":17},"end":{"line":62,"column":31}},"12":{"start":{"line":63,"column":16},"end":{"line":63,"column":28}},"13":{"start":{"line":64,"column":4},"end":{"line":70,"column":5}},"14":{"start":{"line":65,"column":6},"end":{"line":69,"column":7}},"15":{"start":{"line":66,"column":8},"end":{"line":66,"column":25}},"16":{"start":{"line":68,"column":8},"end":{"line":68,"column":28}},"17":{"start":{"line":71,"column":4},"end":{"line":71,"column":77}},"18":{"start":{"line":75,"column":4},"end":{"line":75,"column":34}},"19":{"start":{"line":79,"column":4},"end":{"line":79,"column":46}},"20":{"start":{"line":83,"column":4},"end":{"line":83,"column":33}},"21":{"start":{"line":87,"column":4},"end":{"line":87,"column":25}},"22":{"start":{"line":91,"column":4},"end":{"line":91,"column":31}},"23":{"start":{"line":95,"column":4},"end":{"line":95,"column":56}},"24":{"start":{"line":99,"column":4},"end":{"line":99,"column":57}},"25":{"start":{"line":103,"column":22},"end":{"line":103,"column":49}}},"fnMap":{"0":{"name":"constructor","decl":{"start":{"line":6,"column":2},"end":{"line":6,"column":13}},"loc":{"start":{"line":6,"column":16},"end":{"line":12,"column":3}},"line":6},"1":{"name":"getInstance","decl":{"start":{"line":14,"column":9},"end":{"line":14,"column":20}},"loc":{"start":{"line":14,"column":23},"end":{"line":19,"column":3}},"line":14},"2":{"name":"(anonymous_2)","decl":{"start":{"line":21,"column":2},"end":{"line":21,"column":13}},"loc":{"start":{"line":21,"column":16},"end":{"line":59,"column":3}},"line":21},"3":{"name":"get","decl":{"start":{"line":61,"column":2},"end":{"line":61,"column":5}},"loc":{"start":{"line":61,"column":32},"end":{"line":72,"column":3}},"line":61},"4":{"name":"getApi","decl":{"start":{"line":74,"column":2},"end":{"line":74,"column":8}},"loc":{"start":{"line":74,"column":14},"end":{"line":76,"column":3}},"line":74},"5":{"name":"getFeature","decl":{"start":{"line":78,"column":2},"end":{"line":78,"column":12}},"loc":{"start":{"line":78,"column":18},"end":{"line":80,"column":3}},"line":78},"6":{"name":"override","decl":{"start":{"line":82,"column":2},"end":{"line":82,"column":10}},"loc":{"start":{"line":82,"column":23},"end":{"line":84,"column":3}},"line":82},"7":{"name":"resetOverrides","decl":{"start":{"line":86,"column":2},"end":{"line":86,"column":16}},"loc":{"start":{"line":86,"column":19},"end":{"line":88,"column":3}},"line":86},"8":{"name":"getAll","decl":{"start":{"line":90,"column":2},"end":{"line":90,"column":8}},"loc":{"start":{"line":90,"column":11},"end":{"line":92,"column":3}},"line":90},"9":{"name":"isProduction","decl":{"start":{"line":94,"column":2},"end":{"line":94,"column":14}},"loc":{"start":{"line":94,"column":17},"end":{"line":96,"column":3}},"line":94},"10":{"name":"isDevelopment","decl":{"start":{"line":98,"column":2},"end":{"line":98,"column":15}},"loc":{"start":{"line":98,"column":18},"end":{"line":100,"column":3}},"line":98}},"branchMap":{"0":{"loc":{"start":{"line":7,"column":4},"end":{"line":9,"column":5}},"type":"if","locations":[{"start":{"line":7,"column":4},"end":{"line":9,"column":5}},{"start":{},"end":{}}],"line":7},"1":{"loc":{"start":{"line":15,"column":4},"end":{"line":17,"column":5}},"type":"if","locations":[{"start":{"line":15,"column":4},"end":{"line":17,"column":5}},{"start":{},"end":{}}],"line":15},"2":{"loc":{"start":{"line":24,"column":17},"end":{"line":24,"column":55}},"type":"binary-expr","locations":[{"start":{"line":24,"column":17},"end":{"line":24,"column":49}},{"start":{"line":24,"column":53},"end":{"line":24,"column":55}}],"line":24},"3":{"loc":{"start":{"line":25,"column":17},"end":{"line":25,"column":68}},"type":"binary-expr","locations":[{"start":{"line":25,"column":17},"end":{"line":25,"column":59}},{"start":{"line":25,"column":63},"end":{"line":25,"column":68}}],"line":25},"4":{"loc":{"start":{"line":26,"column":23},"end":{"line":26,"column":73}},"type":"binary-expr","locations":[{"start":{"line":26,"column":23},"end":{"line":26,"column":68}},{"start":{"line":26,"column":72},"end":{"line":26,"column":73}}],"line":26},"5":{"loc":{"start":{"line":27,"column":20},"end":{"line":27,"column":70}},"type":"binary-expr","locations":[{"start":{"line":27,"column":20},"end":{"line":27,"column":62}},{"start":{"line":27,"column":66},"end":{"line":27,"column":70}}],"line":27},"6":{"loc":{"start":{"line":30,"column":14},"end":{"line":30,"column":59}},"type":"binary-expr","locations":[{"start":{"line":30,"column":14},"end":{"line":30,"column":43}},{"start":{"line":30,"column":47},"end":{"line":30,"column":59}}],"line":30},"7":{"loc":{"start":{"line":31,"column":17},"end":{"line":31,"column":60}},"type":"binary-expr","locations":[{"start":{"line":31,"column":17},"end":{"line":31,"column":49}},{"start":{"line":31,"column":53},"end":{"line":31,"column":60}}],"line":31},"8":{"loc":{"start":{"line":32,"column":21},"end":{"line":32,"column":58}},"type":"binary-expr","locations":[{"start":{"line":32,"column":21},"end":{"line":32,"column":41}},{"start":{"line":32,"column":45},"end":{"line":32,"column":58}}],"line":32},"9":{"loc":{"start":{"line":41,"column":25},"end":{"line":41,"column":70}},"type":"binary-expr","locations":[{"start":{"line":41,"column":25},"end":{"line":41,"column":62}},{"start":{"line":41,"column":66},"end":{"line":41,"column":70}}],"line":41},"10":{"loc":{"start":{"line":42,"column":25},"end":{"line":42,"column":71}},"type":"binary-expr","locations":[{"start":{"line":42,"column":25},"end":{"line":42,"column":62}},{"start":{"line":42,"column":66},"end":{"line":42,"column":71}}],"line":42},"11":{"loc":{"start":{"line":43,"column":18},"end":{"line":43,"column":64}},"type":"binary-expr","locations":[{"start":{"line":43,"column":18},"end":{"line":43,"column":58}},{"start":{"line":43,"column":62},"end":{"line":43,"column":64}}],"line":43},"12":{"loc":{"start":{"line":44,"column":22},"end":{"line":44,"column":78}},"type":"binary-expr","locations":[{"start":{"line":44,"column":22},"end":{"line":44,"column":67}},{"start":{"line":44,"column":71},"end":{"line":44,"column":78}}],"line":44},"13":{"loc":{"start":{"line":47,"column":26},"end":{"line":47,"column":74}},"type":"binary-expr","locations":[{"start":{"line":47,"column":26},"end":{"line":47,"column":64}},{"start":{"line":47,"column":68},"end":{"line":47,"column":74}}],"line":47},"14":{"loc":{"start":{"line":48,"column":32},"end":{"line":48,"column":86}},"type":"binary-expr","locations":[{"start":{"line":48,"column":32},"end":{"line":48,"column":77}},{"start":{"line":48,"column":81},"end":{"line":48,"column":86}}],"line":48},"15":{"loc":{"start":{"line":49,"column":32},"end":{"line":49,"column":87}},"type":"binary-expr","locations":[{"start":{"line":49,"column":32},"end":{"line":49,"column":77}},{"start":{"line":49,"column":81},"end":{"line":49,"column":87}}],"line":49},"16":{"loc":{"start":{"line":50,"column":28},"end":{"line":50,"column":77}},"type":"binary-expr","locations":[{"start":{"line":50,"column":28},"end":{"line":50,"column":69}},{"start":{"line":50,"column":73},"end":{"line":50,"column":77}}],"line":50},"17":{"loc":{"start":{"line":53,"column":24},"end":{"line":53,"column":75}},"type":"binary-expr","locations":[{"start":{"line":53,"column":24},"end":{"line":53,"column":60}},{"start":{"line":53,"column":64},"end":{"line":53,"column":75}}],"line":53},"18":{"loc":{"start":{"line":54,"column":23},"end":{"line":54,"column":84}},"type":"binary-expr","locations":[{"start":{"line":54,"column":23},"end":{"line":54,"column":58}},{"start":{"line":54,"column":62},"end":{"line":54,"column":84}}],"line":54},"19":{"loc":{"start":{"line":55,"column":28},"end":{"line":55,"column":93}},"type":"binary-expr","locations":[{"start":{"line":55,"column":28},"end":{"line":55,"column":69}},{"start":{"line":55,"column":73},"end":{"line":55,"column":93}}],"line":55},"20":{"loc":{"start":{"line":56,"column":22},"end":{"line":56,"column":84}},"type":"binary-expr","locations":[{"start":{"line":56,"column":22},"end":{"line":56,"column":56}},{"start":{"line":56,"column":60},"end":{"line":56,"column":84}}],"line":56},"21":{"loc":{"start":{"line":61,"column":11},"end":{"line":61,"column":30}},"type":"default-arg","locations":[{"start":{"line":61,"column":26},"end":{"line":61,"column":30}}],"line":61},"22":{"loc":{"start":{"line":65,"column":6},"end":{"line":69,"column":7}},"type":"if","locations":[{"start":{"line":65,"column":6},"end":{"line":69,"column":7}},{"start":{"line":67,"column":13},"end":{"line":69,"column":7}}],"line":65},"23":{"loc":{"start":{"line":65,"column":10},"end":{"line":65,"column":58}},"type":"binary-expr","locations":[{"start":{"line":65,"column":10},"end":{"line":65,"column":15}},{"start":{"line":65,"column":19},"end":{"line":65,"column":44}},{"start":{"line":65,"column":48},"end":{"line":65,"column":58}}],"line":65},"24":{"loc":{"start":{"line":71,"column":11},"end":{"line":71,"column":76}},"type":"cond-expr","locations":[{"start":{"line":71,"column":48},"end":{"line":71,"column":68}},{"start":{"line":71,"column":71},"end":{"line":71,"column":76}}],"line":71}},"s":{"0":1,"1":1,"2":1,"3":1,"4":0,"5":1,"6":1,"7":1,"8":1,"9":1,"10":1,"11":0,"12":0,"13":0,"14":0,"15":0,"16":0,"17":0,"18":0,"19":0,"20":0,"21":0,"22":0,"23":0,"24":0,"25":1},"f":{"0":1,"1":1,"2":1,"3":0,"4":0,"5":0,"6":0,"7":0,"8":0,"9":0,"10":0},"b":{"0":[0,1],"1":[1,0],"2":[1,1],"3":[1,1],"4":[1,1],"5":[1,1],"6":[1,1],"7":[1,1],"8":[1,0],"9":[1,1],"10":[1,1],"11":[1,1],"12":[1,1],"13":[1,1],"14":[1,1],"15":[1,1],"16":[1,1],"17":[1,1],"18":[1,1],"19":[1,1],"20":[1,1],"21":[0],"22":[0,0],"23":[0,0,0],"24":[0,0]},"meta":{"lastBranch":25,"lastFunction":11,"lastStatement":26,"seen":{"s:2:21:2:25":0,"s:3:12:3:14":1,"s:4:15:4:17":2,"f:6:2:6:13":0,"b:7:4:9:5:undefined:undefined:undefined:undefined":0,"s:7:4:9:5":3,"s:8:6:8:37":4,"s:10:4:10:35":5,"s:11:4:11:23":6,"f:14:9:14:20":1,"b:15:4:17:5:undefined:undefined:undefined:undefined":1,"s:15:4:17:5":7,"s:16:6:16:52":8,"s:18:4:18:35":9,"f:21:2:21:13":2,"s:22:4:58:6":10,"b:24:17:24:49:24:53:24:55":2,"b:25:17:25:59:25:63:25:68":3,"b:26:23:26:68:26:72:26:73":4,"b:27:20:27:62:27:66:27:70":5,"b:30:14:30:43:30:47:30:59":6,"b:31:17:31:49:31:53:31:60":7,"b:32:21:32:41:32:45:32:58":8,"b:41:25:41:62:41:66:41:70":9,"b:42:25:42:62:42:66:42:71":10,"b:43:18:43:58:43:62:43:64":11,"b:44:22:44:67:44:71:44:78":12,"b:47:26:47:64:47:68:47:74":13,"b:48:32:48:77:48:81:48:86":14,"b:49:32:49:77:49:81:49:87":15,"b:50:28:50:69:50:73:50:77":16,"b:53:24:53:60:53:64:53:75":17,"b:54:23:54:58:54:62:54:84":18,"b:55:28:55:69:55:73:55:93":19,"b:56:22:56:56:56:60:56:84":20,"f:61:2:61:5":3,"b:61:26:61:30":21,"s:62:17:62:31":11,"s:63:16:63:28":12,"s:64:4:70:5":13,"b:65:6:69:7:67:13:69:7":22,"s:65:6:69:7":14,"b:65:10:65:15:65:19:65:44:65:48:65:58":23,"s:66:8:66:25":15,"s:68:8:68:28":16,"s:71:4:71:77":17,"b:71:48:71:68:71:71:71:76":24,"f:74:2:74:8":4,"s:75:4:75:34":18,"f:78:2:78:12":5,"s:79:4:79:46":19,"f:82:2:82:10":6,"s:83:4:83:33":20,"f:86:2:86:16":7,"s:87:4:87:25":21,"f:90:2:90:8":8,"s:91:4:91:31":22,"f:94:2:94:14":9,"s:95:4:95:56":23,"f:98:2:98:15":10,"s:99:4:99:57":24,"s:103:22:103:49":25}}}
,"D:\\University of Moratuwa\\Final Year\\Semester\\SmartStayX\\client\\src\\constants\\bookingStatuses.js": {"path":"D:\\University of Moratuwa\\Final Year\\Semester\\SmartStayX\\client\\src\\constants\\bookingStatuses.js","statementMap":{"0":{"start":{"line":1,"column":30},"end":{"line":6,"column":1}},"1":{"start":{"line":8,"column":30},"end":{"line":11,"column":1}},"2":{"start":{"line":13,"column":30},"end":{"line":16,"column":1}},"3":{"start":{"line":18,"column":36},"end":{"line":18,"column":60}},"4":{"start":{"line":19,"column":32},"end":{"line":19,"column":56}},"5":{"start":{"line":20,"column":41},"end":{"line":20,"column":67}}},"fnMap":{},"branchMap":{},"s":{"0":1,"1":1,"2":1,"3":1,"4":1,"5":1},"f":{},"b":{},"meta":{"lastBranch":0,"lastFunction":0,"lastStatement":6,"seen":{"s:1:30:6:1":0,"s:8:30:11:1":1,"s:13:30:16:1":2,"s:18:36:18:60":3,"s:19:32:19:56":4,"s:20:41:20:67":5}}}
,"D:\\University of Moratuwa\\Final Year\\Semester\\SmartStayX\\client\\src\\constants\\pricingConfig.js": {"path":"D:\\University of Moratuwa\\Final Year\\Semester\\SmartStayX\\client\\src\\constants\\pricingConfig.js","statementMap":{"0":{"start":{"line":3,"column":30},"end":{"line":16,"column":1}},"1":{"start":{"line":5,"column":4},"end":{"line":5,"column":69}},"2":{"start":{"line":8,"column":4},"end":{"line":8,"column":74}},"3":{"start":{"line":11,"column":4},"end":{"line":11,"column":75}},"4":{"start":{"line":14,"column":4},"end":{"line":14,"column":67}},"5":{"start":{"line":18,"column":31},"end":{"line":23,"column":1}}},"fnMap":{"0":{"name":"weekendSurcharge","decl":{"start":{"line":4,"column":6},"end":{"line":4,"column":22}},"loc":{"start":{"line":4,"column":25},"end":{"line":6,"column":3}},"line":4},"1":{"name":"highOccupancyThreshold","decl":{"start":{"line":7,"column":6},"end":{"line":7,"column":28}},"loc":{"start":{"line":7,"column":31},"end":{"line":9,"column":3}},"line":7},"2":{"name":"highOccupancySurcharge","decl":{"start":{"line":10,"column":6},"end":{"line":10,"column":28}},"loc":{"start":{"line":10,"column":31},"end":{"line":12,"column":3}},"line":10},"3":{"name":"bookingHoldMinutes","decl":{"start":{"line":13,"column":6},"end":{"line":13,"column":24}},"loc":{"start":{"line":13,"column":27},"end":{"line":15,"column":3}},"line":13}},"branchMap":{"0":{"loc":{"start":{"line":5,"column":11},"end":{"line":5,"column":69}},"type":"binary-expr","locations":[{"start":{"line":5,"column":11},"end":{"line":5,"column":61}},{"start":{"line":5,"column":65},"end":{"line":5,"column":69}}],"line":5},"1":{"loc":{"start":{"line":8,"column":11},"end":{"line":8,"column":74}},"type":"binary-expr","locations":[{"start":{"line":8,"column":11},"end":{"line":8,"column":67}},{"start":{"line":8,"column":71},"end":{"line":8,"column":74}}],"line":8},"2":{"loc":{"start":{"line":11,"column":11},"end":{"line":11,"column":75}},"type":"binary-expr","locations":[{"start":{"line":11,"column":11},"end":{"line":11,"column":67}},{"start":{"line":11,"column":71},"end":{"line":11,"column":75}}],"line":11},"3":{"loc":{"start":{"line":14,"column":11},"end":{"line":14,"column":67}},"type":"binary-expr","locations":[{"start":{"line":14,"column":11},"end":{"line":14,"column":61}},{"start":{"line":14,"column":65},"end":{"line":14,"column":67}}],"line":14}},"s":{"0":1,"1":0,"2":0,"3":0,"4":0,"5":1},"f":{"0":0,"1":0,"2":0,"3":0},"b":{"0":[0,0],"1":[0,0],"2":[0,0],"3":[0,0]},"meta":{"lastBranch":4,"lastFunction":4,"lastStatement":6,"seen":{"s:3:30:16:1":0,"f:4:6:4:22":0,"s:5:4:5:69":1,"b:5:11:5:61:5:65:5:69":0,"f:7:6:7:28":1,"s:8:4:8:74":2,"b:8:11:8:67:8:71:8:74":1,"f:10:6:10:28":2,"s:11:4:11:75":3,"b:11:11:11:67:11:71:11:75":2,"f:13:6:13:24":3,"s:14:4:14:67":4,"b:14:11:14:61:14:65:14:67":3,"s:18:31:23:1":5}}}
,"D:\\University of Moratuwa\\Final Year\\Semester\\SmartStayX\\client\\src\\services\\BookingService.js": {"path":"D:\\University of Moratuwa\\Final Year\\Semester\\SmartStayX\\client\\src\\services\\BookingService.js","statementMap":{"0":{"start":{"line":8,"column":4},"end":{"line":8,"column":43}},"1":{"start":{"line":12,"column":4},"end":{"line":12,"column":46}},"2":{"start":{"line":16,"column":4},"end":{"line":16,"column":61}},"3":{"start":{"line":20,"column":16},"end":{"line":20,"column":73}},"4":{"start":{"line":21,"column":4},"end":{"line":34,"column":5}},"5":{"start":{"line":22,"column":22},"end":{"line":22,"column":77}},"6":{"start":{"line":24,"column":6},"end":{"line":28,"column":7}},"7":{"start":{"line":25,"column":8},"end":{"line":25,"column":53}},"8":{"start":{"line":27,"column":8},"end":{"line":27,"column":62}},"9":{"start":{"line":29,"column":6},"end":{"line":29,"column":27}},"10":{"start":{"line":31,"column":22},"end":{"line":31,"column":68}},"11":{"start":{"line":32,"column":6},"end":{"line":32,"column":27}},"12":{"start":{"line":33,"column":6},"end":{"line":33,"column":18}},"13":{"start":{"line":38,"column":4},"end":{"line":38,"column":74}},"14":{"start":{"line":42,"column":4},"end":{"line":42,"column":82}},"15":{"start":{"line":46,"column":4},"end":{"line":46,"column":86}},"16":{"start":{"line":50,"column":4},"end":{"line":50,"column":104}},"17":{"start":{"line":54,"column":4},"end":{"line":54,"column":112}},"18":{"start":{"line":58,"column":4},"end":{"line":58,"column":94}},"19":{"start":{"line":62,"column":4},"end":{"line":62,"column":95}},"20":{"start":{"line":66,"column":4},"end":{"line":66,"column":84}},"21":{"start":{"line":70,"column":4},"end":{"line":70,"column":119}},"22":{"start":{"line":74,"column":4},"end":{"line":74,"column":84}},"23":{"start":{"line":78,"column":4},"end":{"line":78,"column":95}},"24":{"start":{"line":82,"column":4},"end":{"line":82,"column":106}}},"fnMap":{"0":{"name":"(anonymous_0)","decl":{"start":{"line":7,"column":6},"end":{"line":7,"column":14}},"loc":{"start":{"line":7,"column":17},"end":{"line":9,"column":3}},"line":7},"1":{"name":"(anonymous_1)","decl":{"start":{"line":11,"column":6},"end":{"line":11,"column":14}},"loc":{"start":{"line":11,"column":17},"end":{"line":13,"column":3}},"line":11},"2":{"name":"(anonymous_2)","decl":{"start":{"line":15,"column":2},"end":{"line":15,"column":10}},"loc":{"start":{"line":15,"column":18},"end":{"line":17,"column":3}},"line":15},"3":{"name":"(anonymous_3)","decl":{"start":{"line":19,"column":8},"end":{"line":19,"column":16}},"loc":{"start":{"line":19,"column":60},"end":{"line":35,"column":3}},"line":19},"4":{"name":"fetchUserBookings","decl":{"start":{"line":37,"column":2},"end":{"line":37,"column":19}},"loc":{"start":{"line":37,"column":27},"end":{"line":39,"column":3}},"line":37},"5":{"name":"create","decl":{"start":{"line":41,"column":2},"end":{"line":41,"column":8}},"loc":{"start":{"line":41,"column":29},"end":{"line":43,"column":3}},"line":41},"6":{"name":"cancel","decl":{"start":{"line":45,"column":2},"end":{"line":45,"column":8}},"loc":{"start":{"line":45,"column":27},"end":{"line":47,"column":3}},"line":45},"7":{"name":"modify","decl":{"start":{"line":49,"column":2},"end":{"line":49,"column":8}},"loc":{"start":{"line":49,"column":42},"end":{"line":51,"column":3}},"line":49},"8":{"name":"checkAvailability","decl":{"start":{"line":53,"column":2},"end":{"line":53,"column":19}},"loc":{"start":{"line":53,"column":53},"end":{"line":55,"column":3}},"line":53},"9":{"name":"createCheckoutSession","decl":{"start":{"line":57,"column":2},"end":{"line":57,"column":23}},"loc":{"start":{"line":57,"column":42},"end":{"line":59,"column":3}},"line":57},"10":{"name":"confirmCheckoutSession","decl":{"start":{"line":61,"column":2},"end":{"line":61,"column":24}},"loc":{"start":{"line":61,"column":43},"end":{"line":63,"column":3}},"line":61},"11":{"name":"pay","decl":{"start":{"line":65,"column":2},"end":{"line":65,"column":5}},"loc":{"start":{"line":65,"column":24},"end":{"line":67,"column":3}},"line":65},"12":{"name":"setPaymentMethod","decl":{"start":{"line":69,"column":2},"end":{"line":69,"column":18}},"loc":{"start":{"line":69,"column":52},"end":{"line":71,"column":3}},"line":69},"13":{"name":"fetchHotelBookings","decl":{"start":{"line":73,"column":2},"end":{"line":73,"column":20}},"loc":{"start":{"line":73,"column":37},"end":{"line":75,"column":3}},"line":73},"14":{"name":"ownerDeleteBooking","decl":{"start":{"line":77,"column":2},"end":{"line":77,"column":20}},"loc":{"start":{"line":77,"column":39},"end":{"line":79,"column":3}},"line":77},"15":{"name":"ownerUpdatePayment","decl":{"start":{"line":81,"column":2},"end":{"line":81,"column":20}},"loc":{"start":{"line":81,"column":47},"end":{"line":83,"column":3}},"line":81}},"branchMap":{"0":{"loc":{"start":{"line":8,"column":11},"end":{"line":8,"column":42}},"type":"binary-expr","locations":[{"start":{"line":8,"column":11},"end":{"line":8,"column":36}},{"start":{"line":8,"column":40},"end":{"line":8,"column":42}}],"line":8},"1":{"loc":{"start":{"line":12,"column":11},"end":{"line":12,"column":45}},"type":"binary-expr","locations":[{"start":{"line":12,"column":11},"end":{"line":12,"column":36}},{"start":{"line":12,"column":40},"end":{"line":12,"column":45}}],"line":12},"2":{"loc":{"start":{"line":16,"column":11},"end":{"line":16,"column":60}},"type":"cond-expr","locations":[{"start":{"line":16,"column":19},"end":{"line":16,"column":55}},{"start":{"line":16,"column":58},"end":{"line":16,"column":60}}],"line":16},"3":{"loc":{"start":{"line":19,"column":30},"end":{"line":19,"column":44}},"type":"default-arg","locations":[{"start":{"line":19,"column":40},"end":{"line":19,"column":44}}],"line":19},"4":{"loc":{"start":{"line":19,"column":46},"end":{"line":19,"column":58}},"type":"default-arg","locations":[{"start":{"line":19,"column":54},"end":{"line":19,"column":58}}],"line":19},"5":{"loc":{"start":{"line":22,"column":22},"end":{"line":22,"column":77}},"type":"cond-expr","locations":[{"start":{"line":22,"column":47},"end":{"line":22,"column":50}},{"start":{"line":22,"column":53},"end":{"line":22,"column":77}}],"line":22},"6":{"loc":{"start":{"line":24,"column":6},"end":{"line":28,"column":7}},"type":"if","locations":[{"start":{"line":24,"column":6},"end":{"line":28,"column":7}},{"start":{"line":26,"column":13},"end":{"line":28,"column":7}}],"line":24},"7":{"loc":{"start":{"line":24,"column":10},"end":{"line":24,"column":49}},"type":"binary-expr","locations":[{"start":{"line":24,"column":10},"end":{"line":24,"column":26}},{"start":{"line":24,"column":30},"end":{"line":24,"column":49}}],"line":24},"8":{"loc":{"start":{"line":31,"column":22},"end":{"line":31,"column":68}},"type":"binary-expr","locations":[{"start":{"line":31,"column":22},"end":{"line":31,"column":51}},{"start":{"line":31,"column":55},"end":{"line":31,"column":68}}],"line":31}},"s":{"0":9,"1":9,"2":9,"3":9,"4":9,"5":9,"6":9,"7":4,"8":5,"9":6,"10":3,"11":3,"12":3,"13":4,"14":1,"15":1,"16":0,"17":1,"18":1,"19":1,"20":0,"21":0,"22":0,"23":0,"24":0},"f":{"0":9,"1":9,"2":9,"3":9,"4":4,"5":1,"6":1,"7":0,"8":1,"9":1,"10":1,"11":0,"12":0,"13":0,"14":0,"15":0},"b":{"0":[9,0],"1":[9,0],"2":[8,1],"3":[9],"4":[9],"5":[0,9],"6":[4,5],"7":[9,5],"8":[3,2]},"meta":{"lastBranch":9,"lastFunction":16,"lastStatement":25,"seen":{"f:7:6:7:14":0,"s:8:4:8:43":0,"b:8:11:8:36:8:40:8:42":0,"f:11:6:11:14":1,"s:12:4:12:46":1,"b:12:11:12:36:12:40:12:45":1,"f:15:2:15:10":2,"s:16:4:16:61":2,"b:16:19:16:55:16:58:16:60":2,"f:19:8:19:16":3,"b:19:40:19:44":3,"b:19:54:19:58":4,"s:20:16:20:73":3,"s:21:4:34:5":4,"s:22:22:22:77":5,"b:22:47:22:50:22:53:22:77":5,"b:24:6:28:7:26:13:28:7":6,"s:24:6:28:7":6,"b:24:10:24:26:24:30:24:49":7,"s:25:8:25:53":7,"s:27:8:27:62":8,"s:29:6:29:27":9,"s:31:22:31:68":10,"b:31:22:31:51:31:55:31:68":8,"s:32:6:32:27":11,"s:33:6:33:18":12,"f:37:2:37:19":4,"s:38:4:38:74":13,"f:41:2:41:8":5,"s:42:4:42:82":14,"f:45:2:45:8":6,"s:46:4:46:86":15,"f:49:2:49:8":7,"s:50:4:50:104":16,"f:53:2:53:19":8,"s:54:4:54:112":17,"f:57:2:57:23":9,"s:58:4:58:94":18,"f:61:2:61:24":10,"s:62:4:62:95":19,"f:65:2:65:5":11,"s:66:4:66:84":20,"f:69:2:69:18":12,"s:70:4:70:119":21,"f:73:2:73:20":13,"s:74:4:74:84":22,"f:77:2:77:20":14,"s:78:4:78:95":23,"f:81:2:81:20":15,"s:82:4:82:106":24}}}
}
